<?xml version="1.0" encoding="UTF-8"?>
<testsuite xmlns:xsi="http://www.w3.org/2001/XMLSchema-instance" xsi:noNamespaceSchemaLocation="https://maven.apache.org/surefire/maven-surefire-plugin/xsd/surefire-test-report.xsd" name="org.happiest.minds.controller.SpringTemplateControllerTest" time="1.554" tests="3" errors="0" skipped="0" failures="0">
  <properties>
[...]
</properties>
  <testcase name="testDownloadTemplate_ValidRequest" classname="org.happiest.minds.controller.SpringTemplateControllerTest" time="1.499"/>
  <testcase name="testDownloadTemplate_InvalidDependency" classname="org.happiest.minds.controller.SpringTemplateControllerTest" time="0.006"/>
  <testcase name="testDownloadTemplate_InvalidPackagingType" classname="org.happiest.minds.controller.SpringTemplateControllerTest" time="0.005"/>
</testsuite>